Removed Pin From Net: NetName=MCLR Pin=J1-1
Removed Pin From Net: NetName=SDI_LORA_RD4 Pin=P_SPI-2
Removed Pin From Net: NetName=SDO_LORA_RD1 Pin=P_SPI-3
Change Component Footprint: Designator=TP1_GND Old Footprint=mini_testpoint New Footprint=testpoint3
Change Component Footprint: Designator=TP2_GND Old Footprint=mini_testpoint New Footprint=testpoint3
Added Pin To Net: NetName=SDO_LORA_RD1 Pin=P_SPI-2
Added Pin To Net: NetName=SDI_LORA_RD4 Pin=P_SPI-3
Added Pin To Net: NetName=GND Pin=SW1-1
Added Pin To Net: NetName=GND Pin=SW1-3
Added Pin To Net: NetName=GND Pin=SW1-4
Change Net Name : Old Net Name=MCLR New Net Name=VDD
Added Pin To Net: NetName=MCLR Pin=J1-1
Added Pin To Net: NetName=MCLR Pin=RMCLR-1
Added Pin To Net: NetName=MCLR Pin=U0-1
Added Net: Name=MCLR
Added Pin To Net: NetName=RESET_LORA_RB2 Pin=U0-35
Added Pin To Net: NetName=RESET_LORA_RB2 Pin=U1-12
Added Net: Name=RESET_LORA_RB2
Added Pin To Net: NetName=SW_PB_RB5 Pin=R_PB-2
Added Pin To Net: NetName=SW_PB_RB5 Pin=SW1-2
Added Pin To Net: NetName=SW_PB_RB5 Pin=U0-38
Added Net: Name=SW_PB_RB5
Added Room: Name=PCB_Vigne_Periph
